<?xml version="1.0" encoding="UTF-8"?>
<!-- Generated by org.testng.reporters.JUnitReportReporter -->
<testsuite hostname="Viveks-MacBook-Pro.local" failures="0" tests="3" name="com.qa.rest.tests.PutPatchDeleteTests" time="3.093" errors="0" timestamp="2022-07-07T09:56:14 GMT-06:00" skipped="0">
  <testcase classname="com.qa.rest.tests.PutPatchDeleteTests" name="testPut" time="0.470"/>
  <system-out/>
  <testcase classname="com.qa.rest.tests.PutPatchDeleteTests" name="testPatch" time="0.544"/>
  <system-out/>
  <testcase classname="com.qa.rest.tests.PutPatchDeleteTests" name="testDelete" time="2.079"/>
  <system-out/>
</testsuite> <!-- com.qa.rest.tests.PutPatchDeleteTests -->
