<?xml version="1.0" encoding="UTF-8"?>
<!-- Generated by org.testng.reporters.JUnitReportReporter -->
<testsuite hostname="Viveks-MacBook-Pro.local" failures="0" tests="1" name="com.qa.rest.tests.GetCallBDD" time="2.433" errors="0" timestamp="2022-07-06T11:49:36 GMT-06:00" skipped="0">
  <testcase classname="com.qa.rest.tests.GetCallBDD" name="test_numberOfCircuitsFor2017_Season" time="2.433"/>
  <system-out/>
</testsuite> <!-- com.qa.rest.tests.GetCallBDD -->
