<?xml version="1.0" encoding="UTF-8"?>
<!-- Generated by org.testng.reporters.JUnitReportReporter -->
<testsuite hostname="Viveks-MacBook-Pro.local" failures="0" tests="2" name="com.qa.rest.tests.TestExamples" time="2.496" errors="0" timestamp="2022-07-06T18:11:56 GMT-06:00" skipped="0">
  <testcase classname="com.qa.rest.tests.TestExamples" name="test_1" time="1.713"/>
  <system-out/>
  <testcase classname="com.qa.rest.tests.TestExamples" name="test_2" time="0.783"/>
  <system-out/>
</testsuite> <!-- com.qa.rest.tests.TestExamples -->
