<?xml version="1.0" encoding="UTF-8"?>
<!-- Generated by org.testng.reporters.JUnitReportReporter -->
<testsuite hostname="Viveks-MacBook-Pro.local" failures="0" tests="1" name="com.qa.rest.tests.JsonSchemaValidator" time="2.284" errors="0" timestamp="2022-07-07T12:30:10 GMT-06:00" skipped="0">
  <testcase classname="com.qa.rest.tests.JsonSchemaValidator" name="testGet" time="2.284"/>
  <system-out/>
</testsuite> <!-- com.qa.rest.tests.JsonSchemaValidator -->
