<?xml version="1.0" encoding="UTF-8"?>
<!-- Generated by org.testng.reporters.JUnitReportReporter -->
<testsuite hostname="Viveks-MacBook-Pro.local" failures="0" tests="1" name="com.qa.rest.tests.GetAndPost" time="2.301" errors="0" timestamp="2022-07-06T21:34:48 GMT-06:00" skipped="0">
  <testcase classname="com.qa.rest.tests.GetAndPost" name="testPost" time="2.301"/>
  <system-out/>
</testsuite> <!-- com.qa.rest.tests.GetAndPost -->
